[
 {
  "act": "Straight search",
  "time": "0.6464009881019592 milliseconds",
  "needleList": [
   "d462bb76-81ee-46af-9fdb-ebfe53a93d3f",
   "6df55f86-e3f5-4d7b-9cd5-906d8d7e804a",
   "1e63459f-0b18-4acf-9afc-e7287347bbeb",
   "e04b6074-332f-4661-8f3a-4cdcb3adfb6a",
   "be77abf7-29b0-4ed1-9379-f5d7576cb5ce",
   "3c511860-d159-457d-8374-e8205904e6f5",
   "1e63459f-0b18-4acf-9afc-e7287347bbeb",
   "e04b6074-332f-4661-8f3a-4cdcb3adfb6a",
   "9c4a0320-1d82-4a46-83b3-511ddffb7ee6",
   "1e63459f-0b18-4acf-9afc-e7287347bbeb",
   "e04b6074-332f-4661-8f3a-4cdcb3adfb6a",
   "be77abf7-29b0-4ed1-9379-f5d7576cb5ce",
   "3c511860-d159-457d-8374-e8205904e6f5",
   "1e63459f-0b18-4acf-9afc-e7287347bbeb",
   "d462bb76-81ee-46af-9fdb-ebfe53a93d3f",
   "6df55f86-e3f5-4d7b-9cd5-906d8d7e804a",
   "1e63459f-0b18-4acf-9afc-e7287347bbeb"
  ]
 },
 {
  "act": "Binary search",
  "time": "0.06109994649887085 milliseconds",
  "needleList": [
   "d462bb76-81ee-46af-9fdb-ebfe53a93d3f",
   "6df55f86-e3f5-4d7b-9cd5-906d8d7e804a",
   "1e63459f-0b18-4acf-9afc-e7287347bbeb",
   "e04b6074-332f-4661-8f3a-4cdcb3adfb6a",
   "be77abf7-29b0-4ed1-9379-f5d7576cb5ce",
   "3c511860-d159-457d-8374-e8205904e6f5",
   "1e63459f-0b18-4acf-9afc-e7287347bbeb",
   "e04b6074-332f-4661-8f3a-4cdcb3adfb6a",
   "9c4a0320-1d82-4a46-83b3-511ddffb7ee6",
   "1e63459f-0b18-4acf-9afc-e7287347bbeb",
   "e04b6074-332f-4661-8f3a-4cdcb3adfb6a",
   "be77abf7-29b0-4ed1-9379-f5d7576cb5ce",
   "3c511860-d159-457d-8374-e8205904e6f5",
   "1e63459f-0b18-4acf-9afc-e7287347bbeb",
   "d462bb76-81ee-46af-9fdb-ebfe53a93d3f",
   "6df55f86-e3f5-4d7b-9cd5-906d8d7e804a",
   "1e63459f-0b18-4acf-9afc-e7287347bbeb"
  ]
 },
 {
  "act": "Bubble sort",
  "time": "7.157801032066345 milliseconds"
 },
 {
  "act": "Quick sort",
  "time": "1.511100947856903 milliseconds"
 }
]